[combo-taylong.fastbuy.biz/index.html]
[backblue.gif]
[fade.gif]
[index.html]
[combo-taylong.fastbuy.biz/s500x350/5b026c1631c8298e7b5d0afc/logo-1526931670.png]
[static.ladipage.net/s650x550/5b026c1631c8298e7b5d0afc/102797396-1527067170.jpg]
[static.ladipage.net/s650x550/5b026c1631c8298e7b5d0afc/198459449-1527067170.jpg]
[static.ladipage.net/s650x550/5b026c1631c8298e7b5d0afc/789869497-1527067170.jpg]
[combo-taylong.fastbuy.biz/assets/img/sp.png]
[static.ladipage.net/s550x550/5b026c1631c8298e7b5d0afc/6-1526985816.jpg]
[static.ladipage.net/s550x550/5b026c1631c8298e7b5d0afc/5-1526985814.jpg]
[static.ladipage.net/s550x550/5b026c1631c8298e7b5d0afc/15_1-1526983929.jpg]
[static.ladipage.net/s550x550/5b026c1631c8298e7b5d0afc/1-1526983902.jpg]
[static.ladipage.net/s800x800/5b026c1631c8298e7b5d0afc/9-1526983965.jpg]
[static.ladipage.net/s800x800/5b026c1631c8298e7b5d0afc/feedback-fb-1527068831.jpg]
[static.ladipage.net/s1440x1150/5b026c1631c8298e7b5d0afc/header-1526931112.jpg]
[static.ladipage.net/s1440x750/57b167c9ca57d39c18a1c57c/linedpaper.png]
[static.ladipage.net/s1440x950/57b167c9ca57d39c18a1c57c/bg-testimonial-230386.jpg]
[static.ladipage.net/s1440x950/57b167c9ca57d39c18a1c57c/subscription-bg.jpg]
[static.ladipage.net/s900x1050/5b026c1631c8298e7b5d0afc/chong-lao-hoa-1526982111.jpg]
[static.ladipage.net/s900x1050/5b026c1631c8298e7b5d0afc/duoi-chuot-gian-1526982311.jpg]
[static.ladipage.net/s900x1050/5b026c1631c8298e7b5d0afc/duong-moi-1526982328.jpg]
[static.ladipage.net/s900x1050/5b026c1631c8298e7b5d0afc/duong-toc-1526982340.jpg]
[static.ladipage.net/s900x1050/5b026c1631c8298e7b5d0afc/nha-nang-1526982356.jpg]
[static.ladipage.net/s900x1050/5b026c1631c8298e7b5d0afc/tay-trang-1526982365.jpg]
[static.ladipage.net/s900x1050/5b026c1631c8298e7b5d0afc/tri-da-kho-nut-ne-1526982392.jpg]
[static.ladipage.net/s900x1050/5b026c1631c8298e7b5d0afc/tri-ran-da-1526982563.jpg]
[static.ladipage.net/s900x1050/5b026c1631c8298e7b5d0afc/tri-seo-1526982576.jpg]
[static.ladipage.net/s900x1050/5b026c1631c8298e7b5d0afc/tri-mun-1526983294.jpg]
[static.ladipage.net/s900x1050/5b026c1631c8298e7b5d0afc/triet-long-1526983302.jpg]
[static.ladipage.net/s500x500/5b026c1631c8298e7b5d0afc/feedback-1526977276.jpg]
[static.ladipage.net/s500x500/5b026c1631c8298e7b5d0afc/feedback2-1526978240.jpg]
[static.ladipage.net/s500x500/5b026c1631c8298e7b5d0afc/feedback3-1526978117.jpg]
[static.ladipage.net/s550x450/5b026c1631c8298e7b5d0afc/rua-mat-1526978590.jpg]
[static.ladipage.net/s550x450/5b026c1631c8298e7b5d0afc/cach-khac-phuc-da-dau-vung-chu-t-1526978877.jpg]
[static.ladipage.net/s700x500/5b026c1631c8298e7b5d0afc/header-1526931112.jpg]
[static.ladipage.net/s700x700/57b167c9ca57d39c18a1c57c/linedpaper.png]
[static.ladipage.net/s700x1600/57b167c9ca57d39c18a1c57c/bg-testimonial-230386.jpg]
[static.ladipage.net/s700x1100/57b167c9ca57d39c18a1c57c/subscription-bg.jpg]
[static.ladipage.net/s400x350/5b026c1631c8298e7b5d0afc/logo-1526931670.png]
[static.ladipage.net/s650x500/5b026c1631c8298e7b5d0afc/102797396-1527067170.jpg]
[static.ladipage.net/s450x450/5b026c1631c8298e7b5d0afc/198459449-1527067170.jpg]
[static.ladipage.net/s500x450/5b026c1631c8298e7b5d0afc/789869497-1527067170.jpg]
[static.ladipage.net/s700x650/5b026c1631c8298e7b5d0afc/img_1526357112612_1526469839543-1526983777.jpg]
[static.ladipage.net/s450x450/5b026c1631c8298e7b5d0afc/7_1-1526984210.jpg]
[static.ladipage.net/s450x450/5b026c1631c8298e7b5d0afc/6-1526985816.jpg]
[static.ladipage.net/s450x450/5b026c1631c8298e7b5d0afc/5-1526985814.jpg]
[static.ladipage.net/s450x450/5b026c1631c8298e7b5d0afc/15_1-1526983929.jpg]
[static.ladipage.net/s450x450/5b026c1631c8298e7b5d0afc/1-1526983902.jpg]
[static.ladipage.net/s550x600/5b026c1631c8298e7b5d0afc/9-1526983965.jpg]
[static.ladipage.net/s700x400/5b026c1631c8298e7b5d0afc/chong-lao-hoa-1526982111.jpg]
[static.ladipage.net/s700x400/5b026c1631c8298e7b5d0afc/duoi-chuot-gian-1526982311.jpg]
[static.ladipage.net/s700x400/5b026c1631c8298e7b5d0afc/duong-moi-1526982328.jpg]
[static.ladipage.net/s700x400/5b026c1631c8298e7b5d0afc/duong-toc-1526982340.jpg]
[static.ladipage.net/s700x400/5b026c1631c8298e7b5d0afc/nha-nang-1526982356.jpg]
[static.ladipage.net/s700x400/5b026c1631c8298e7b5d0afc/tay-trang-1526982365.jpg]
[static.ladipage.net/s700x400/5b026c1631c8298e7b5d0afc/tri-da-kho-nut-ne-1526982392.jpg]
[static.ladipage.net/s700x400/5b026c1631c8298e7b5d0afc/tri-ran-da-1526982563.jpg]
[static.ladipage.net/s700x400/5b026c1631c8298e7b5d0afc/tri-seo-1526982576.jpg]
[static.ladipage.net/s700x400/5b026c1631c8298e7b5d0afc/tri-mun-1526983294.jpg]
[static.ladipage.net/s700x400/5b026c1631c8298e7b5d0afc/triet-long-1526983302.jpg]
[static.ladipage.net/s450x450/5b026c1631c8298e7b5d0afc/feedback-1526977276.jpg]
[static.ladipage.net/s450x450/5b026c1631c8298e7b5d0afc/feedback2-1526978240.jpg]
[static.ladipage.net/s450x450/5b026c1631c8298e7b5d0afc/feedback3-1526978117.jpg]
[static.ladipage.net/s600x500/5b026c1631c8298e7b5d0afc/rua-mat-1526978590.jpg]
[static.ladipage.net/s600x550/5b026c1631c8298e7b5d0afc/cach-khac-phuc-da-dau-vung-chu-t-1526978877.jpg]
[static.ladipage.net/s700x650/5b026c1631c8298e7b5d0afc/feedback-fb-1527068831.jpg]
[combo-taylong.fastbuy.biz/assets/css/css]
[combo-taylong.fastbuy.biz/assets/css/animate.min45db.css]
[combo-taylong.fastbuy.biz/index.html]
[combo-taylong.fastbuy.biz/s500x350/5b026c1631c8298e7b5d0afc/logo-1526931670.html]
[combo-taylong.fastbuy.biz/assets/css/animate.min45db.css]
[dstn8crmj3jvx.cloudfront.net/resource/2018/epage.js]
[combo-taylong.fastbuy.biz/assets/js/ladipage.lib.215f5.js]
